2025-10-11 22:02:07.506 [info] Extension host with pid 16314 started
2025-10-11 22:02:07.561 [info] ExtensionService#_doActivateExtension vscode.github-authentication, startup: false, activationEvent: 'onAuthenticationRequest:github'
2025-10-11 22:02:07.617 [info] ExtensionService#_doActivateExtension vscode.git-base, startup: true, activationEvent: '*'
2025-10-11 22:02:07.648 [info] ExtensionService#_doActivateExtension vscode.github, startup: true, activationEvent: '*'
2025-10-11 22:02:07.687 [info] Eager extensions activated
2025-10-11 22:02:07.689 [info] ExtensionService#_doActivateExtension vscode.debug-auto-launch, startup: false, activationEvent: 'onStartupFinished'
2025-10-11 22:02:07.690 [info] ExtensionService#_doActivateExtension vscode.merge-conflict, startup: false, activationEvent: 'onStartupFinished'
2025-10-11 22:02:15.374 [info] ExtensionService#_doActivateExtension vscode.git, startup: false, activationEvent: 'api', root cause: vscode.github
2025-10-11 22:02:45.738 [info] Extension host terminating: renderer closed the MessagePort
2025-10-11 22:02:45.746 [info] Extension host with pid 16314 exiting with code 0
2025-10-11 22:02:46.366 [info] Extension host with pid 17679 started
2025-10-11 22:02:46.366 [info] Skipping acquiring lock for /home/jonathan/.config/Code/User/workspaceStorage/b41d3e9f30544c14255c82add2f0e54f.
2025-10-11 22:02:46.399 [info] ExtensionService#_doActivateExtension vscode.github-authentication, startup: false, activationEvent: 'onAuthenticationRequest:github'
2025-10-11 22:02:46.416 [info] ExtensionService#_doActivateExtension vscode.emmet, startup: false, activationEvent: 'onLanguage'
2025-10-11 22:02:46.448 [info] ExtensionService#_doActivateExtension vscode.git-base, startup: true, activationEvent: '*'
2025-10-11 22:02:46.461 [info] ExtensionService#_doActivateExtension vscode.github, startup: true, activationEvent: '*'
2025-10-11 22:02:46.499 [info] Eager extensions activated
2025-10-11 22:02:46.527 [info] ExtensionService#_doActivateExtension vscode.debug-auto-launch, startup: false, activationEvent: 'onStartupFinished'
2025-10-11 22:02:46.529 [info] ExtensionService#_doActivateExtension vscode.merge-conflict, startup: false, activationEvent: 'onStartupFinished'
2025-10-11 22:03:06.879 [info] ExtensionService#_doActivateExtension vscode.git, startup: false, activationEvent: 'api', root cause: vscode.github
2025-10-11 22:03:19.341 [info] Extension host terminating: renderer closed the MessagePort
2025-10-11 22:03:19.349 [info] Extension host with pid 17679 exiting with code 0
2025-10-11 22:03:19.680 [info] Extension host with pid 17756 started
2025-10-11 22:03:19.680 [info] Skipping acquiring lock for /home/jonathan/.config/Code/User/workspaceStorage/b41d3e9f30544c14255c82add2f0e54f.
2025-10-11 22:03:19.685 [info] ExtensionService#_doActivateExtension vscode.github-authentication, startup: false, activationEvent: 'onAuthenticationRequest:github'
2025-10-11 22:03:19.699 [info] ExtensionService#_doActivateExtension vscode.emmet, startup: false, activationEvent: 'onLanguage'
2025-10-11 22:03:19.729 [info] ExtensionService#_doActivateExtension vscode.git-base, startup: true, activationEvent: '*'
2025-10-11 22:03:19.733 [info] ExtensionService#_doActivateExtension vscode.github, startup: true, activationEvent: '*'
2025-10-11 22:03:19.773 [info] Eager extensions activated
2025-10-11 22:03:19.774 [info] ExtensionService#_doActivateExtension vscode.debug-auto-launch, startup: false, activationEvent: 'onStartupFinished'
2025-10-11 22:03:19.775 [info] ExtensionService#_doActivateExtension vscode.merge-conflict, startup: false, activationEvent: 'onStartupFinished'
2025-10-11 22:03:26.778 [info] ExtensionService#_doActivateExtension vscode.git, startup: false, activationEvent: 'api', root cause: vscode.github
2025-10-11 22:03:40.248 [info] Extension host terminating: renderer closed the MessagePort
2025-10-11 22:03:40.256 [info] Extension host with pid 17756 exiting with code 0
