2025-10-13 18:12:44.736 [info] [main] Log level: Info
2025-10-13 18:12:44.736 [info] [main] Validating found git in: "git"
2025-10-13 18:12:44.736 [info] [main] Using git "2.51.0" from "git"
2025-10-13 18:12:44.736 [info] [Model][doInitialScan] Initial repository scan started
2025-10-13 18:12:44.736 [info] > git rev-parse --show-toplevel [1ms]
2025-10-13 18:12:44.736 [info] > git rev-parse --git-dir --git-common-dir --show-superproject-working-tree [2ms]
2025-10-13 18:12:44.736 [info] [Model][openRepository] Opened repository (path): /home/jonathan/Documentos/archypr
2025-10-13 18:12:44.736 [info] [Model][openRepository] Opened repository (real path): /home/jonathan/Documentos/archypr
2025-10-13 18:12:44.736 [info] [Model][openRepository] Opened repository (kind): repository
2025-10-13 18:12:44.736 [info] [Model][doInitialScan] Initial repository scan completed - repositories (1), closed repositories (0), parent repositories (0), unsafe repositories (0)
2025-10-13 18:12:44.736 [info] > git config --get commit.template [1ms]
2025-10-13 18:12:44.736 [info] > git for-each-ref --format=%(refname)%00%(upstream:short)%00%(objectname)%00%(upstream:track)%00%(upstream:remotename)%00%(upstream:remoteref) refs/heads/main refs/remotes/main [1ms]
2025-10-13 18:12:44.736 [warning] [Git][revParse] Unable to read file: ENOENT: no such file or directory, open '/home/jonathan/Documentos/archypr/.git/refs/remotes/origin/main'
2025-10-13 18:12:44.736 [info] > git rev-parse refs/remotes/origin/main [1ms]
2025-10-13 18:12:44.736 [info] > git status -z -uall [3ms]
2025-10-13 18:12:44.736 [info] > git for-each-ref --sort -committerdate --format %(refname)%00%(objectname)%00%(*objectname) [2ms]
2025-10-13 18:12:44.736 [info] > git for-each-ref --format=%(refname)%00%(upstream:short)%00%(objectname)%00%(upstream:track)%00%(upstream:remotename)%00%(upstream:remoteref) refs/heads/main refs/remotes/main [14ms]
2025-10-13 18:12:44.737 [info] > git config --get commit.template [10ms]
2025-10-13 18:12:44.737 [info] > git config --get --local branch.main.vscode-merge-base [12ms]
2025-10-13 18:12:44.746 [info] > git for-each-ref --format=%(refname)%00%(upstream:short)%00%(objectname)%00%(upstream:track)%00%(upstream:remotename)%00%(upstream:remoteref) refs/heads/origin/main refs/remotes/origin/main [7ms]
2025-10-13 18:12:44.751 [info] > git merge-base refs/heads/main refs/remotes/origin/main [3ms]
2025-10-13 18:12:44.753 [info] > git for-each-ref --format=%(refname)%00%(upstream:short)%00%(objectname)%00%(upstream:track)%00%(upstream:remotename)%00%(upstream:remoteref) refs/heads/main refs/remotes/main [3ms]
2025-10-13 18:12:44.754 [warning] [Git][revParse] Unable to read file: ENOENT: no such file or directory, open '/home/jonathan/Documentos/archypr/.git/refs/remotes/origin/main'
2025-10-13 18:12:44.755 [info] > git diff --name-status -z --diff-filter=ADMR 4d8bb9f2f9e9c774813c9ff96856bf5a5498b542...refs/remotes/origin/main [2ms]
2025-10-13 18:12:44.755 [info] > git rev-parse refs/remotes/origin/main [1ms]
2025-10-13 18:12:44.759 [info] > git status -z -uall [2ms]
2025-10-13 18:12:44.760 [info] > git for-each-ref --sort -committerdate --format %(refname)%00%(objectname)%00%(*objectname) [2ms]
2025-10-13 18:12:45.187 [info] > git check-ignore -v -z --stdin [1ms]
2025-10-13 18:12:46.535 [info] > git log --format=%H%n%aN%n%aE%n%at%n%ct%n%P%n%D%n%B -z --shortstat --diff-merges=first-parent -n50 --skip=0 --topo-order --decorate=full --stdin [31ms]
2025-10-13 18:12:47.053 [info] > git check-ignore -v -z --stdin [1ms]
2025-10-13 18:12:50.951 [info] > git check-ignore -v -z --stdin [1ms]
2025-10-13 18:12:55.831 [info] > git -c user.useConfigOnly=true commit --quiet --allow-empty-message --file - [1ms]
2025-10-13 18:12:55.831 [info] Author identity unknown

*** Please tell me who you are.

Run

  git config --global user.email "you@example.com"
  git config --global user.name "Your Name"

to set your account's default identity.
Omit --global to set the identity only in this repository.

fatal: no email was given and auto-detection is disabled
2025-10-13 18:12:55.834 [info] > git config --get-all user.name [1ms]
2025-10-13 18:12:55.837 [info] > git config --get-all user.email [1ms]
2025-10-13 18:12:55.840 [info] > git config --get commit.template [1ms]
2025-10-13 18:12:55.843 [info] > git for-each-ref --format=%(refname)%00%(upstream:short)%00%(objectname)%00%(upstream:track)%00%(upstream:remotename)%00%(upstream:remoteref) refs/heads/main refs/remotes/main [1ms]
2025-10-13 18:12:55.845 [warning] [Git][revParse] Unable to read file: ENOENT: no such file or directory, open '/home/jonathan/Documentos/archypr/.git/refs/remotes/origin/main'
2025-10-13 18:12:55.846 [info] > git rev-parse refs/remotes/origin/main [1ms]
2025-10-13 18:12:55.851 [info] > git status -z -uall [3ms]
2025-10-13 18:12:55.852 [info] > git for-each-ref --sort -committerdate --format %(refname)%00%(objectname)%00%(*objectname) [2ms]
2025-10-13 18:13:00.137 [info] > git config --get commit.template [3ms]
2025-10-13 18:13:00.137 [info] > git for-each-ref --format=%(refname)%00%(upstream:short)%00%(objectname)%00%(upstream:track)%00%(upstream:remotename)%00%(upstream:remoteref) refs/heads/main refs/remotes/main [1ms]
2025-10-13 18:13:00.139 [warning] [Git][revParse] Unable to read file: ENOENT: no such file or directory, open '/home/jonathan/Documentos/archypr/.git/refs/remotes/origin/main'
2025-10-13 18:13:00.140 [info] > git rev-parse refs/remotes/origin/main [1ms]
2025-10-13 18:13:00.145 [info] > git status -z -uall [3ms]
2025-10-13 18:13:00.145 [info] > git for-each-ref --sort -committerdate --format %(refname)%00%(objectname)%00%(*objectname) [1ms]
2025-10-13 18:13:25.809 [info] > git -c user.useConfigOnly=true commit --quiet --allow-empty-message --file - [2ms]
2025-10-13 18:13:25.809 [info] Author identity unknown

*** Please tell me who you are.

Run

  git config --global user.email "you@example.com"
  git config --global user.name "Your Name"

to set your account's default identity.
Omit --global to set the identity only in this repository.

fatal: no email was given and auto-detection is disabled
2025-10-13 18:13:25.812 [info] > git config --get-all user.name [1ms]
2025-10-13 18:13:25.814 [info] > git config --get-all user.email [0ms]
2025-10-13 18:13:25.818 [info] > git config --get commit.template [1ms]
2025-10-13 18:13:25.821 [info] > git for-each-ref --format=%(refname)%00%(upstream:short)%00%(objectname)%00%(upstream:track)%00%(upstream:remotename)%00%(upstream:remoteref) refs/heads/main refs/remotes/main [1ms]
2025-10-13 18:13:25.823 [warning] [Git][revParse] Unable to read file: ENOENT: no such file or directory, open '/home/jonathan/Documentos/archypr/.git/refs/remotes/origin/main'
2025-10-13 18:13:25.824 [info] > git rev-parse refs/remotes/origin/main [1ms]
2025-10-13 18:13:25.828 [info] > git status -z -uall [2ms]
2025-10-13 18:13:25.829 [info] > git for-each-ref --sort -committerdate --format %(refname)%00%(objectname)%00%(*objectname) [1ms]
2025-10-13 18:13:31.909 [info] > git config --get commit.template [3ms]
2025-10-13 18:13:31.910 [info] > git for-each-ref --format=%(refname)%00%(upstream:short)%00%(objectname)%00%(upstream:track)%00%(upstream:remotename)%00%(upstream:remoteref) refs/heads/main refs/remotes/main [1ms]
2025-10-13 18:13:31.912 [warning] [Git][revParse] Unable to read file: ENOENT: no such file or directory, open '/home/jonathan/Documentos/archypr/.git/refs/remotes/origin/main'
2025-10-13 18:13:31.913 [info] > git rev-parse refs/remotes/origin/main [1ms]
2025-10-13 18:13:31.917 [info] > git status -z -uall [2ms]
2025-10-13 18:13:31.918 [info] > git for-each-ref --sort -committerdate --format %(refname)%00%(objectname)%00%(*objectname) [1ms]
2025-10-13 18:18:16.523 [info] > git -c user.useConfigOnly=true commit --quiet --allow-empty-message --file - [3ms]
2025-10-13 18:18:16.526 [info] > git config --get commit.template [1ms]
2025-10-13 18:18:16.533 [info] > git config --get commit.template [3ms]
2025-10-13 18:18:16.534 [info] > git for-each-ref --format=%(refname)%00%(upstream:short)%00%(objectname)%00%(upstream:track)%00%(upstream:remotename)%00%(upstream:remoteref) refs/heads/main refs/remotes/main [1ms]
2025-10-13 18:18:16.536 [warning] [Git][revParse] Unable to read file: ENOENT: no such file or directory, open '/home/jonathan/Documentos/archypr/.git/refs/remotes/origin/main'
2025-10-13 18:18:16.537 [info] > git rev-parse refs/remotes/origin/main [1ms]
2025-10-13 18:18:16.542 [info] > git status -z -uall [3ms]
2025-10-13 18:18:16.543 [info] > git for-each-ref --sort -committerdate --format %(refname)%00%(objectname)%00%(*objectname) [0ms]
2025-10-13 18:18:16.549 [info] > git merge-base refs/heads/main refs/remotes/origin/main [1ms]
2025-10-13 18:18:16.552 [info] > git diff --name-status -z --diff-filter=ADMR 4d8bb9f2f9e9c774813c9ff96856bf5a5498b542...refs/remotes/origin/main [1ms]
2025-10-13 18:18:16.572 [info] > git config --get commit.template [3ms]
2025-10-13 18:18:16.573 [info] > git for-each-ref --format=%(refname)%00%(upstream:short)%00%(objectname)%00%(upstream:track)%00%(upstream:remotename)%00%(upstream:remoteref) refs/heads/main refs/remotes/main [1ms]
2025-10-13 18:18:16.575 [warning] [Git][revParse] Unable to read file: ENOENT: no such file or directory, open '/home/jonathan/Documentos/archypr/.git/refs/remotes/origin/main'
2025-10-13 18:18:16.576 [info] > git rev-parse refs/remotes/origin/main [1ms]
2025-10-13 18:18:16.580 [info] > git status -z -uall [2ms]
2025-10-13 18:18:16.581 [info] > git for-each-ref --sort -committerdate --format %(refname)%00%(objectname)%00%(*objectname) [1ms]
2025-10-13 18:18:16.610 [info] > git log --format=%H%n%aN%n%aE%n%at%n%ct%n%P%n%D%n%B -z --shortstat --diff-merges=first-parent -n50 --skip=0 --topo-order --decorate=full --stdin [48ms]
2025-10-13 18:18:17.603 [info] > git config --get commit.template [2ms]
2025-10-13 18:18:17.604 [info] > git for-each-ref --format=%(refname)%00%(upstream:short)%00%(objectname)%00%(upstream:track)%00%(upstream:remotename)%00%(upstream:remoteref) refs/heads/main refs/remotes/main [1ms]
2025-10-13 18:18:17.606 [warning] [Git][revParse] Unable to read file: ENOENT: no such file or directory, open '/home/jonathan/Documentos/archypr/.git/refs/remotes/origin/main'
2025-10-13 18:18:17.607 [info] > git rev-parse refs/remotes/origin/main [1ms]
2025-10-13 18:18:17.611 [info] > git status -z -uall [3ms]
2025-10-13 18:18:17.612 [info] > git for-each-ref --sort -committerdate --format %(refname)%00%(objectname)%00%(*objectname) [0ms]
2025-10-13 18:18:32.684 [info] > git log --oneline --cherry main...main@{upstream} -- [2ms]
2025-10-13 18:18:33.061 [info] > git pull --tags origin main [375ms]
2025-10-13 18:18:33.061 [info] From https://github.com/jonathanborgesbr-creator/archypr
 * branch            main       -> FETCH_HEAD
2025-10-13 18:18:34.017 [info] > git push origin main:main [953ms]
2025-10-13 18:18:34.017 [info] /bin/sh: warning: setlocale: LC_ALL: cannot change locale (en_US.UTF-8): No such file or directory
/bin/sh: warning: setlocale: LC_ALL: cannot change locale (en_US.UTF-8): No such file or directory
To https://github.com/jonathanborgesbr-creator/archypr.git
   4d8bb9f..9286e59  main -> main
2025-10-13 18:18:34.022 [info] > git config --get commit.template [2ms]
2025-10-13 18:18:34.023 [info] > git for-each-ref --format=%(refname)%00%(upstream:short)%00%(objectname)%00%(upstream:track)%00%(upstream:remotename)%00%(upstream:remoteref) refs/heads/main refs/remotes/main [1ms]
2025-10-13 18:18:34.028 [info] > git status -z -uall [3ms]
2025-10-13 18:18:34.029 [info] > git for-each-ref --sort -committerdate --format %(refname)%00%(objectname)%00%(*objectname) [0ms]
2025-10-13 18:18:34.033 [info] > git merge-base refs/heads/main refs/remotes/origin/main [1ms]
2025-10-13 18:18:34.038 [info] > git diff --name-status -z --diff-filter=ADMR 9286e5962241f6134f314f7b3f115e9fbec9fabc...refs/remotes/origin/main [3ms]
2025-10-13 18:18:34.086 [info] > git log --format=%H%n%aN%n%aE%n%at%n%ct%n%P%n%D%n%B -z --shortstat --diff-merges=first-parent -n50 --skip=0 --topo-order --decorate=full --stdin [48ms]
2025-10-13 18:18:35.105 [info] > git config --get commit.template [3ms]
2025-10-13 18:18:35.105 [info] > git for-each-ref --format=%(refname)%00%(upstream:short)%00%(objectname)%00%(upstream:track)%00%(upstream:remotename)%00%(upstream:remoteref) refs/heads/main refs/remotes/main [1ms]
2025-10-13 18:18:35.111 [info] > git status -z -uall [3ms]
2025-10-13 18:18:35.111 [info] > git for-each-ref --sort -committerdate --format %(refname)%00%(objectname)%00%(*objectname) [1ms]
2025-10-13 18:18:37.196 [info] > git fetch [368ms]
2025-10-13 18:18:37.201 [info] > git config --get commit.template [2ms]
2025-10-13 18:18:37.202 [info] > git for-each-ref --format=%(refname)%00%(upstream:short)%00%(objectname)%00%(upstream:track)%00%(upstream:remotename)%00%(upstream:remoteref) refs/heads/main refs/remotes/main [1ms]
2025-10-13 18:18:37.207 [info] > git status -z -uall [3ms]
2025-10-13 18:18:37.207 [info] > git for-each-ref --sort -committerdate --format %(refname)%00%(objectname)%00%(*objectname) [1ms]
2025-10-13 18:18:47.418 [info] > git config --get commit.template [3ms]
2025-10-13 18:18:47.419 [info] > git for-each-ref --format=%(refname)%00%(upstream:short)%00%(objectname)%00%(upstream:track)%00%(upstream:remotename)%00%(upstream:remoteref) refs/heads/main refs/remotes/main [1ms]
2025-10-13 18:18:47.425 [info] > git status -z -uall [4ms]
2025-10-13 18:18:47.425 [info] > git for-each-ref --sort -committerdate --format %(refname)%00%(objectname)%00%(*objectname) [1ms]
