2025-10-11 22:03:44.815 [info] [main] Log level: Info
2025-10-11 22:03:44.815 [info] [main] Validating found git in: "git"
2025-10-11 22:03:44.815 [info] [main] Using git "2.51.0" from "git"
2025-10-11 22:03:44.815 [info] [Model][doInitialScan] Initial repository scan started
2025-10-11 22:03:44.815 [info] > git rev-parse --show-toplevel [2ms]
2025-10-11 22:03:44.815 [info] > git rev-parse --git-dir --git-common-dir --show-superproject-working-tree [2ms]
2025-10-11 22:03:44.815 [info] [Model][openRepository] Opened repository (path): /home/jonathan/Script
2025-10-11 22:03:44.815 [info] [Model][openRepository] Opened repository (real path): /home/jonathan/Script
2025-10-11 22:03:44.815 [info] [Model][openRepository] Opened repository (kind): repository
2025-10-11 22:03:44.815 [info] [Model][doInitialScan] Initial repository scan completed - repositories (1), closed repositories (0), parent repositories (0), unsafe repositories (0)
2025-10-11 22:03:44.815 [info] > git config --get commit.template [3ms]
2025-10-11 22:03:44.815 [info] > git for-each-ref --format=%(refname)%00%(upstream:short)%00%(objectname)%00%(upstream:track)%00%(upstream:remotename)%00%(upstream:remoteref) refs/heads/main refs/remotes/main [1ms]
2025-10-11 22:03:44.815 [warning] [Git][revParse] Unable to read file: ENOENT: no such file or directory, open '/home/jonathan/Script/.git/refs/remotes/origin/main'
2025-10-11 22:03:44.815 [info] > git rev-parse refs/remotes/origin/main [1ms]
2025-10-11 22:03:44.815 [info] > git status -z -uall [2ms]
2025-10-11 22:03:44.815 [info] > git for-each-ref --sort -committerdate --format %(refname)%00%(objectname)%00%(*objectname) [1ms]
2025-10-11 22:03:44.815 [info] > git for-each-ref --format=%(refname)%00%(upstream:short)%00%(objectname)%00%(upstream:track)%00%(upstream:remotename)%00%(upstream:remoteref) refs/heads/main refs/remotes/main [14ms]
2025-10-11 22:03:44.815 [info] > git config --get commit.template [3ms]
2025-10-11 22:03:44.816 [info] > git config --get --local branch.main.vscode-merge-base [5ms]
2025-10-11 22:03:44.827 [info] > git for-each-ref --format=%(refname)%00%(upstream:short)%00%(objectname)%00%(upstream:track)%00%(upstream:remotename)%00%(upstream:remoteref) refs/heads/origin/main refs/remotes/origin/main [10ms]
2025-10-11 22:03:44.839 [info] > git merge-base refs/heads/main refs/remotes/origin/main [9ms]
2025-10-11 22:03:44.842 [info] > git for-each-ref --format=%(refname)%00%(upstream:short)%00%(objectname)%00%(upstream:track)%00%(upstream:remotename)%00%(upstream:remoteref) refs/heads/main refs/remotes/main [3ms]
2025-10-11 22:03:44.843 [warning] [Git][revParse] Unable to read file: ENOENT: no such file or directory, open '/home/jonathan/Script/.git/refs/remotes/origin/main'
2025-10-11 22:03:44.843 [info] > git diff --name-status -z --diff-filter=ADMR d5785932da6c6de67806f90a4a6ff2b2b70ee7d8...refs/remotes/origin/main [2ms]
2025-10-11 22:03:44.844 [info] > git rev-parse refs/remotes/origin/main [1ms]
2025-10-11 22:03:44.848 [info] > git status -z -uall [3ms]
2025-10-11 22:03:44.848 [info] > git for-each-ref --sort -committerdate --format %(refname)%00%(objectname)%00%(*objectname) [1ms]
2025-10-11 22:03:45.298 [info] > git check-ignore -v -z --stdin [0ms]
2025-10-11 22:04:00.757 [info] > git log --format=%H%n%aN%n%aE%n%at%n%ct%n%P%n%D%n%B -z --shortstat --diff-merges=first-parent -n50 --skip=0 --topo-order --decorate=full --stdin [2ms]
2025-10-11 22:04:08.868 [info] > git log --format=%H%n%aN%n%aE%n%at%n%ct%n%P%n%D%n%B -z --shortstat --diff-merges=first-parent -n50 --skip=0 --topo-order --decorate=full --stdin [2ms]
2025-10-11 22:04:52.552 [info] > git add -A -- v4.sh Arquivo de texto.txt [1ms]
2025-10-11 22:04:52.557 [info] > git config --get commit.template [2ms]
2025-10-11 22:04:52.558 [info] > git for-each-ref --format=%(refname)%00%(upstream:short)%00%(objectname)%00%(upstream:track)%00%(upstream:remotename)%00%(upstream:remoteref) refs/heads/main refs/remotes/main [1ms]
2025-10-11 22:04:52.560 [warning] [Git][revParse] Unable to read file: ENOENT: no such file or directory, open '/home/jonathan/Script/.git/refs/remotes/origin/main'
2025-10-11 22:04:52.560 [info] > git rev-parse refs/remotes/origin/main [0ms]
2025-10-11 22:04:52.564 [info] > git status -z -uall [2ms]
2025-10-11 22:04:52.565 [info] > git for-each-ref --sort -committerdate --format %(refname)%00%(objectname)%00%(*objectname) [1ms]
2025-10-11 22:04:53.635 [info] > git config --get commit.template [2ms]
2025-10-11 22:04:53.635 [info] > git for-each-ref --format=%(refname)%00%(upstream:short)%00%(objectname)%00%(upstream:track)%00%(upstream:remotename)%00%(upstream:remoteref) refs/heads/main refs/remotes/main [1ms]
2025-10-11 22:04:53.637 [warning] [Git][revParse] Unable to read file: ENOENT: no such file or directory, open '/home/jonathan/Script/.git/refs/remotes/origin/main'
2025-10-11 22:04:53.638 [info] > git rev-parse refs/remotes/origin/main [1ms]
2025-10-11 22:04:53.642 [info] > git status -z -uall [2ms]
2025-10-11 22:04:53.643 [info] > git for-each-ref --sort -committerdate --format %(refname)%00%(objectname)%00%(*objectname) [1ms]
2025-10-11 22:05:00.044 [info] > git log --format=%H%n%aN%n%aE%n%at%n%ct%n%P%n%D%n%B -z --shortstat --diff-merges=first-parent -n50 --skip=0 --topo-order --decorate=full --stdin [2ms]
2025-10-11 22:05:13.354 [info] > git show --textconv :.git/COMMIT_EDITMSG [3ms]
2025-10-11 22:05:13.357 [info] > git ls-files --stage -- .git/COMMIT_EDITMSG [3ms]
2025-10-11 22:05:13.359 [info] > git hash-object -t tree /dev/null [2ms]
2025-10-11 22:05:13.359 [warning] [GitFileSystemProvider][readFile] File not found - git:/home/jonathan/Script/.git/COMMIT_EDITMSG.git?%7B%22path%22%3A%22%2Fhome%2Fjonathan%2FScript%2F.git%2FCOMMIT_EDITMSG%22%2C%22ref%22%3A%22%22%7D
2025-10-11 22:05:13.360 [info] > git hash-object -t tree /dev/null [1ms]
2025-10-11 22:05:13.360 [warning] [GitFileSystemProvider][stat] File not found - git:/home/jonathan/Script/.git/COMMIT_EDITMSG.git?%7B%22path%22%3A%22%2Fhome%2Fjonathan%2FScript%2F.git%2FCOMMIT_EDITMSG%22%2C%22ref%22%3A%22%22%7D
2025-10-11 22:05:13.683 [info] > git check-ignore -v -z --stdin [1ms]
2025-10-11 22:05:49.598 [info] > git -c user.useConfigOnly=true commit --quiet [36566ms]
2025-10-11 22:05:49.598 [info] /bin/sh: warning: setlocale: LC_ALL: cannot change locale (en_US.UTF-8): No such file or directory
/bin/sh: warning: setlocale: LC_ALL: cannot change locale (en_US.UTF-8): No such file or directory
Aborting commit due to empty commit message.
2025-10-11 22:05:49.601 [warning] [Git][getHEAD] Failed to parse HEAD file: ENOENT: no such file or directory, open '/home/jonathan/Script/.git/HEAD'
2025-10-11 22:05:49.605 [warning] [Git][getRemotes] Error: ENOENT: no such file or directory, open '/home/jonathan/Script/.git/config'
