2025-10-11 22:03:44.683 [info] Reading sessions from keychain...
2025-10-11 22:03:44.683 [info] Getting sessions for all scopes...
2025-10-11 22:03:44.686 [info] Got 0 sessions for ...
2025-10-11 22:03:44.686 [info] Getting sessions for all scopes...
2025-10-11 22:03:44.686 [info] Got 0 sessions for ...
2025-10-11 22:03:44.686 [info] Getting sessions for all scopes...
2025-10-11 22:03:44.686 [info] Got 0 sessions for ...
2025-10-11 22:03:44.686 [info] Getting sessions for all scopes...
2025-10-11 22:03:44.686 [info] Got 0 sessions for ...
2025-10-11 22:03:44.687 [info] Getting sessions for all scopes...
2025-10-11 22:03:44.687 [info] Got 0 sessions for ...
2025-10-11 22:03:44.687 [info] Getting sessions for all scopes...
2025-10-11 22:03:44.687 [info] Got 0 sessions for ...
2025-10-11 22:03:44.687 [info] Getting sessions for all scopes...
2025-10-11 22:03:44.687 [info] Got 0 sessions for ...
2025-10-11 22:03:44.687 [info] Getting sessions for all scopes...
2025-10-11 22:03:44.687 [info] Got 0 sessions for ...
2025-10-11 22:03:44.692 [info] Getting sessions for all scopes...
2025-10-11 22:03:44.692 [info] Got 0 sessions for ...
2025-10-11 22:03:44.692 [info] Getting sessions for all scopes...
2025-10-11 22:03:44.692 [info] Got 0 sessions for ...
2025-10-11 22:03:44.692 [info] Getting sessions for all scopes...
2025-10-11 22:03:44.692 [info] Got 0 sessions for ...
2025-10-11 22:03:44.693 [info] Getting sessions for all scopes...
2025-10-11 22:03:44.693 [info] Got 0 sessions for ...
2025-10-11 22:03:44.693 [info] Getting sessions for all scopes...
2025-10-11 22:03:44.693 [info] Got 0 sessions for ...
2025-10-11 22:03:44.693 [info] Getting sessions for all scopes...
2025-10-11 22:03:44.693 [info] Got 0 sessions for ...
2025-10-11 22:03:44.813 [info] Getting sessions for all scopes...
2025-10-11 22:03:44.813 [info] Got 0 sessions for ...
2025-10-11 22:03:44.850 [info] Getting sessions for read:user,repo,user:email,workflow...
2025-10-11 22:03:44.850 [info] Got 0 sessions for read:user,repo,user:email,workflow...
2025-10-11 22:03:46.764 [info] Getting sessions for all scopes...
2025-10-11 22:03:46.764 [info] Got 0 sessions for ...
2025-10-11 22:03:46.765 [info] Getting sessions for all scopes...
2025-10-11 22:03:46.765 [info] Got 0 sessions for ...
2025-10-11 22:03:46.775 [info] Getting sessions for all scopes...
2025-10-11 22:03:46.775 [info] Got 0 sessions for ...
2025-10-11 22:04:00.790 [info] Getting sessions for read:user,repo,user:email,workflow...
2025-10-11 22:04:00.790 [info] Got 0 sessions for read:user,repo,user:email,workflow...
