2025-10-13 18:12:44.574 [info] Reading sessions from keychain...
2025-10-13 18:12:44.574 [info] Getting sessions for all scopes...
2025-10-13 18:12:44.632 [info] Got stored sessions!
2025-10-13 18:12:44.632 [info] Got 1 verified sessions.
2025-10-13 18:12:44.632 [info] Got 1 sessions for ...
2025-10-13 18:12:44.632 [info] Getting sessions for all scopes...
2025-10-13 18:12:44.632 [info] Got 1 sessions for ...
2025-10-13 18:12:44.633 [info] Getting sessions for all scopes...
2025-10-13 18:12:44.633 [info] Got 1 sessions for ...
2025-10-13 18:12:44.633 [info] Getting sessions for all scopes...
2025-10-13 18:12:44.633 [info] Got 1 sessions for ...
2025-10-13 18:12:44.633 [info] Getting sessions for all scopes...
2025-10-13 18:12:44.633 [info] Got 1 sessions for ...
2025-10-13 18:12:44.633 [info] Getting sessions for all scopes...
2025-10-13 18:12:44.633 [info] Got 1 sessions for ...
2025-10-13 18:12:44.633 [info] Getting sessions for all scopes...
2025-10-13 18:12:44.633 [info] Got 1 sessions for ...
2025-10-13 18:12:44.633 [info] Getting sessions for all scopes...
2025-10-13 18:12:44.633 [info] Got 1 sessions for ...
2025-10-13 18:12:44.633 [info] Getting sessions for all scopes...
2025-10-13 18:12:44.633 [info] Got 1 sessions for ...
2025-10-13 18:12:44.646 [info] Getting sessions for all scopes...
2025-10-13 18:12:44.647 [info] Got 1 sessions for ...
2025-10-13 18:12:44.663 [info] Getting sessions for all scopes...
2025-10-13 18:12:44.663 [info] Got 1 sessions for ...
2025-10-13 18:12:44.664 [info] Getting sessions for all scopes...
2025-10-13 18:12:44.664 [info] Got 1 sessions for ...
2025-10-13 18:12:44.664 [info] Getting sessions for all scopes...
2025-10-13 18:12:44.664 [info] Got 1 sessions for ...
2025-10-13 18:12:44.664 [info] Getting sessions for all scopes...
2025-10-13 18:12:44.664 [info] Got 1 sessions for ...
2025-10-13 18:12:44.664 [info] Getting sessions for all scopes...
2025-10-13 18:12:44.664 [info] Got 1 sessions for ...
2025-10-13 18:12:44.664 [info] Getting sessions for all scopes...
2025-10-13 18:12:44.664 [info] Got 1 sessions for ...
2025-10-13 18:12:44.764 [info] Getting sessions for read:user,repo,user:email,workflow...
2025-10-13 18:12:44.764 [info] Got 1 sessions for read:user,repo,user:email,workflow...
2025-10-13 18:12:46.083 [info] FetcherService: Electron fetch failed with status: 429 
2025-10-13 18:12:46.524 [info] FetcherService: Node fetch failed with status: 429 Too Many Requests
2025-10-13 18:12:46.644 [info] Getting sessions for all scopes...
2025-10-13 18:12:46.644 [info] Got 1 sessions for ...
2025-10-13 18:12:46.644 [info] Getting sessions for all scopes...
2025-10-13 18:12:46.644 [info] Got 1 sessions for ...
2025-10-13 18:12:46.650 [info] Getting sessions for all scopes...
2025-10-13 18:12:46.650 [info] Got 1 sessions for ...
2025-10-13 18:12:46.947 [info] FetcherService: Node http/s failed with status: 429 Too Many Requests
2025-10-13 18:18:33.340 [info] Getting sessions for read:user,repo,user:email,workflow...
2025-10-13 18:18:33.340 [info] Got 1 sessions for read:user,repo,user:email,workflow...
