2025-10-13 18:04:25.750 [info] Extension host with pid 7497 started
2025-10-13 18:04:25.767 [info] ExtensionService#_doActivateExtension vscode.github-authentication, startup: false, activationEvent: 'onAuthenticationRequest:github'
2025-10-13 18:04:25.781 [info] ExtensionService#_doActivateExtension vscode.emmet, startup: false, activationEvent: 'onLanguage'
2025-10-13 18:04:25.823 [info] ExtensionService#_doActivateExtension vscode.git-base, startup: true, activationEvent: '*'
2025-10-13 18:04:25.836 [info] ExtensionService#_doActivateExtension vscode.github, startup: true, activationEvent: '*'
2025-10-13 18:04:25.875 [info] Eager extensions activated
2025-10-13 18:04:25.894 [info] ExtensionService#_doActivateExtension vscode.debug-auto-launch, startup: false, activationEvent: 'onStartupFinished'
2025-10-13 18:04:25.896 [info] ExtensionService#_doActivateExtension vscode.merge-conflict, startup: false, activationEvent: 'onStartupFinished'
2025-10-13 18:04:34.042 [info] ExtensionService#_doActivateExtension vscode.git, startup: false, activationEvent: 'api', root cause: vscode.github
2025-10-13 18:06:31.194 [info] ExtensionService#_doActivateExtension vscode.configuration-editing, startup: false, activationEvent: 'onLanguage:jsonc'
2025-10-13 18:06:31.199 [info] ExtensionService#_doActivateExtension vscode.json-language-features, startup: false, activationEvent: 'onLanguage:jsonc'
2025-10-13 18:06:31.233 [info] ExtensionService#_doActivateExtension vscode.typescript-language-features, startup: false, activationEvent: 'onLanguage:jsonc'
2025-10-13 18:06:52.176 [info] Extension host terminating: renderer closed the MessagePort
2025-10-13 18:06:52.196 [info] Extension host with pid 7497 exiting with code 0
2025-10-13 18:06:52.908 [info] Extension host with pid 9889 started
2025-10-13 18:06:52.908 [info] Skipping acquiring lock for /home/jonathan/.config/Code/User/workspaceStorage/172c42dada42ebcd613578272eb9e28d.
2025-10-13 18:06:52.934 [info] ExtensionService#_doActivateExtension vscode.github-authentication, startup: false, activationEvent: 'onAuthenticationRequest:github'
2025-10-13 18:06:52.950 [info] ExtensionService#_doActivateExtension vscode.emmet, startup: false, activationEvent: 'onLanguage'
2025-10-13 18:06:52.989 [info] ExtensionService#_doActivateExtension vscode.git-base, startup: true, activationEvent: '*'
2025-10-13 18:06:53.002 [info] ExtensionService#_doActivateExtension vscode.github, startup: true, activationEvent: '*'
2025-10-13 18:06:53.041 [info] Eager extensions activated
2025-10-13 18:06:53.071 [info] ExtensionService#_doActivateExtension vscode.debug-auto-launch, startup: false, activationEvent: 'onStartupFinished'
2025-10-13 18:06:53.072 [info] ExtensionService#_doActivateExtension vscode.merge-conflict, startup: false, activationEvent: 'onStartupFinished'
2025-10-13 18:07:12.919 [info] ExtensionService#_doActivateExtension vscode.git, startup: false, activationEvent: 'api', root cause: vscode.github
2025-10-13 18:07:13.019 [warning] [Decorations] CAPPING events from decorations provider vscode.git 644
2025-10-13 18:07:13.080 [warning] [Decorations] CAPPING events from decorations provider vscode.git 644
2025-10-13 18:07:13.126 [warning] [Decorations] CAPPING events from decorations provider vscode.git 644
2025-10-13 18:07:14.172 [warning] [Decorations] CAPPING events from decorations provider vscode.git 644
2025-10-13 18:07:18.347 [info] ExtensionService#_doActivateExtension vscode.configuration-editing, startup: false, activationEvent: 'onLanguage:jsonc'
2025-10-13 18:07:18.352 [info] ExtensionService#_doActivateExtension vscode.json-language-features, startup: false, activationEvent: 'onLanguage:jsonc'
2025-10-13 18:07:18.387 [info] ExtensionService#_doActivateExtension vscode.typescript-language-features, startup: false, activationEvent: 'onLanguage:jsonc'
2025-10-13 18:07:28.389 [warning] [Decorations] CAPPING events from decorations provider vscode.git 644
2025-10-13 18:07:34.519 [warning] [Decorations] CAPPING events from decorations provider vscode.git 322
2025-10-13 18:08:00.585 [warning] [Decorations] CAPPING events from decorations provider vscode.git 322
2025-10-13 18:08:03.576 [warning] [Decorations] CAPPING events from decorations provider vscode.git 322
2025-10-13 18:12:39.388 [info] Extension host terminating: renderer closed the MessagePort
2025-10-13 18:12:39.403 [info] Extension host with pid 9889 exiting with code 0
