2025-10-13 18:12:44.482 [info] Extension host with pid 11606 started
2025-10-13 18:12:44.482 [info] Skipping acquiring lock for /home/jonathan/.config/Code/User/workspaceStorage/172c42dada42ebcd613578272eb9e28d.
2025-10-13 18:12:44.506 [info] ExtensionService#_doActivateExtension vscode.github-authentication, startup: false, activationEvent: 'onAuthenticationRequest:github'
2025-10-13 18:12:44.521 [info] ExtensionService#_doActivateExtension vscode.emmet, startup: false, activationEvent: 'onLanguage'
2025-10-13 18:12:44.576 [info] ExtensionService#_doActivateExtension vscode.git-base, startup: true, activationEvent: '*', root cause: vscode.git
2025-10-13 18:12:44.608 [info] ExtensionService#_doActivateExtension vscode.git, startup: true, activationEvent: '*'
2025-10-13 18:12:44.632 [info] ExtensionService#_doActivateExtension vscode.github, startup: true, activationEvent: '*'
2025-10-13 18:12:44.702 [warning] [Decorations] CAPPING events from decorations provider vscode.git 322
2025-10-13 18:12:44.722 [info] Eager extensions activated
2025-10-13 18:12:44.727 [info] ExtensionService#_doActivateExtension vscode.debug-auto-launch, startup: false, activationEvent: 'onStartupFinished'
2025-10-13 18:12:44.728 [info] ExtensionService#_doActivateExtension vscode.merge-conflict, startup: false, activationEvent: 'onStartupFinished'
2025-10-13 18:12:44.761 [warning] [Decorations] CAPPING events from decorations provider vscode.git 322
2025-10-13 18:12:55.853 [warning] [Decorations] CAPPING events from decorations provider vscode.git 322
2025-10-13 18:13:00.147 [warning] [Decorations] CAPPING events from decorations provider vscode.git 322
2025-10-13 18:13:25.831 [warning] [Decorations] CAPPING events from decorations provider vscode.git 322
2025-10-13 18:13:31.919 [warning] [Decorations] CAPPING events from decorations provider vscode.git 322
2025-10-13 18:15:33.157 [info] ExtensionService#_doActivateExtension vscode.terminal-suggest, startup: false, activationEvent: 'onTerminalShellIntegration:*'
2025-10-13 18:17:03.466 [info] ExtensionService#_doActivateExtension vscode.npm, startup: false, activationEvent: 'onTerminalQuickFixRequest:ms-vscode.npm-command'
2025-10-13 18:18:16.544 [warning] [Decorations] CAPPING events from decorations provider vscode.git 322
2025-10-13 18:18:36.742 [info] ExtensionService#_doActivateExtension vscode.configuration-editing, startup: false, activationEvent: 'onLanguage:jsonc'
2025-10-13 18:18:36.748 [info] ExtensionService#_doActivateExtension vscode.json-language-features, startup: false, activationEvent: 'onLanguage:jsonc'
2025-10-13 18:18:36.786 [info] ExtensionService#_doActivateExtension vscode.typescript-language-features, startup: false, activationEvent: 'onLanguage:jsonc'
