2025-10-13 18:04:25.813 [info] Reading sessions from keychain...
2025-10-13 18:04:25.813 [info] Getting sessions for all scopes...
2025-10-13 18:04:25.820 [info] Got 0 sessions for ...
2025-10-13 18:04:25.820 [info] Getting sessions for all scopes...
2025-10-13 18:04:25.820 [info] Got 0 sessions for ...
2025-10-13 18:04:25.821 [info] Getting sessions for all scopes...
2025-10-13 18:04:25.821 [info] Got 0 sessions for ...
2025-10-13 18:04:25.821 [info] Getting sessions for all scopes...
2025-10-13 18:04:25.821 [info] Got 0 sessions for ...
2025-10-13 18:04:25.821 [info] Getting sessions for all scopes...
2025-10-13 18:04:25.821 [info] Got 0 sessions for ...
2025-10-13 18:04:25.821 [info] Getting sessions for all scopes...
2025-10-13 18:04:25.821 [info] Got 0 sessions for ...
2025-10-13 18:04:25.821 [info] Getting sessions for all scopes...
2025-10-13 18:04:25.821 [info] Got 0 sessions for ...
2025-10-13 18:04:25.833 [info] Getting sessions for all scopes...
2025-10-13 18:04:25.833 [info] Got 0 sessions for ...
2025-10-13 18:04:25.833 [info] Getting sessions for all scopes...
2025-10-13 18:04:25.833 [info] Got 0 sessions for ...
2025-10-13 18:04:25.834 [info] Getting sessions for all scopes...
2025-10-13 18:04:25.834 [info] Got 0 sessions for ...
2025-10-13 18:04:25.834 [info] Getting sessions for all scopes...
2025-10-13 18:04:25.834 [info] Got 0 sessions for ...
2025-10-13 18:04:25.834 [info] Getting sessions for all scopes...
2025-10-13 18:04:25.834 [info] Got 0 sessions for ...
2025-10-13 18:04:25.834 [info] Getting sessions for all scopes...
2025-10-13 18:04:25.834 [info] Got 0 sessions for ...
2025-10-13 18:04:25.907 [info] Getting sessions for all scopes...
2025-10-13 18:04:25.907 [info] Got 0 sessions for ...
2025-10-13 18:04:25.978 [info] Getting sessions for all scopes...
2025-10-13 18:04:25.978 [info] Got 0 sessions for ...
2025-10-13 18:04:28.036 [info] Getting sessions for all scopes...
2025-10-13 18:04:28.036 [info] Got 0 sessions for ...
2025-10-13 18:04:28.037 [info] Getting sessions for all scopes...
2025-10-13 18:04:28.037 [info] Got 0 sessions for ...
2025-10-13 18:04:28.042 [info] Getting sessions for all scopes...
2025-10-13 18:04:28.042 [info] Got 0 sessions for ...
2025-10-13 18:04:44.048 [info] Getting sessions for read:user,repo,user:email,workflow...
2025-10-13 18:04:44.048 [info] Got 0 sessions for read:user,repo,user:email,workflow...
2025-10-13 18:04:45.715 [info] Logging in with 'any' account...
2025-10-13 18:04:45.715 [info] Logging in for the following scopes: read:user repo user:email workflow
2025-10-13 18:04:45.730 [info] Trying with local server... (read:user repo user:email workflow)
2025-10-13 18:06:23.366 [info] Exchanging code for token...
2025-10-13 18:06:23.640 [info] Token exchange success!
2025-10-13 18:06:23.641 [info] Getting user info...
2025-10-13 18:06:23.959 [info] Got account info!
2025-10-13 18:06:23.959 [info] Storing 1 sessions...
2025-10-13 18:06:24.377 [info] FetcherService: Electron fetch failed with status: 429 
2025-10-13 18:06:24.815 [info] FetcherService: Node fetch failed with status: 429 Too Many Requests
2025-10-13 18:06:25.225 [info] FetcherService: Node http/s failed with status: 429 Too Many Requests
2025-10-13 18:06:31.265 [info] Reading sessions from keychain...
2025-10-13 18:06:31.266 [info] Stored 1 sessions!
2025-10-13 18:06:31.266 [info] Login success!
2025-10-13 18:06:31.288 [info] Getting sessions for all scopes...
2025-10-13 18:06:31.288 [info] Got stored sessions!
2025-10-13 18:06:31.288 [info] Got 1 verified sessions.
2025-10-13 18:06:31.288 [info] Got 1 sessions for ...
2025-10-13 18:06:31.288 [info] Getting sessions for all scopes...
2025-10-13 18:06:31.288 [info] Got 1 sessions for ...
2025-10-13 18:06:31.289 [info] Getting sessions for all scopes...
2025-10-13 18:06:31.289 [info] Got 1 sessions for ...
2025-10-13 18:06:31.289 [info] Getting sessions for all scopes...
2025-10-13 18:06:31.289 [info] Got 1 sessions for ...
2025-10-13 18:06:31.289 [info] Getting sessions for all scopes...
2025-10-13 18:06:31.289 [info] Got 1 sessions for ...
2025-10-13 18:06:31.290 [info] Getting sessions for all scopes...
2025-10-13 18:06:31.290 [info] Got 1 sessions for ...
2025-10-13 18:06:52.981 [info] Reading sessions from keychain...
2025-10-13 18:06:52.987 [info] Getting sessions for all scopes...
2025-10-13 18:06:53.000 [info] Got stored sessions!
2025-10-13 18:06:53.000 [info] Got 1 verified sessions.
2025-10-13 18:06:53.001 [info] Got 1 sessions for ...
2025-10-13 18:06:53.001 [info] Getting sessions for all scopes...
2025-10-13 18:06:53.001 [info] Got 1 sessions for ...
2025-10-13 18:06:53.001 [info] Getting sessions for all scopes...
2025-10-13 18:06:53.001 [info] Got 1 sessions for ...
2025-10-13 18:06:53.001 [info] Getting sessions for all scopes...
2025-10-13 18:06:53.001 [info] Got 1 sessions for ...
2025-10-13 18:06:53.001 [info] Getting sessions for all scopes...
2025-10-13 18:06:53.001 [info] Got 1 sessions for ...
2025-10-13 18:06:53.001 [info] Getting sessions for all scopes...
2025-10-13 18:06:53.001 [info] Got 1 sessions for ...
2025-10-13 18:06:53.001 [info] Getting sessions for all scopes...
2025-10-13 18:06:53.001 [info] Got 1 sessions for ...
2025-10-13 18:06:53.001 [info] Getting sessions for all scopes...
2025-10-13 18:06:53.001 [info] Got 1 sessions for ...
2025-10-13 18:06:53.002 [info] Getting sessions for all scopes...
2025-10-13 18:06:53.002 [info] Got 1 sessions for ...
2025-10-13 18:06:53.002 [info] Getting sessions for all scopes...
2025-10-13 18:06:53.002 [info] Got 1 sessions for ...
2025-10-13 18:06:53.002 [info] Getting sessions for all scopes...
2025-10-13 18:06:53.002 [info] Got 1 sessions for ...
2025-10-13 18:06:53.002 [info] Getting sessions for all scopes...
2025-10-13 18:06:53.002 [info] Got 1 sessions for ...
2025-10-13 18:06:53.002 [info] Getting sessions for all scopes...
2025-10-13 18:06:53.002 [info] Got 1 sessions for ...
2025-10-13 18:06:53.002 [info] Getting sessions for all scopes...
2025-10-13 18:06:53.002 [info] Got 1 sessions for ...
2025-10-13 18:06:53.007 [info] Getting sessions for all scopes...
2025-10-13 18:06:53.007 [info] Got 1 sessions for ...
2025-10-13 18:06:53.101 [info] Getting sessions for all scopes...
2025-10-13 18:06:53.101 [info] Got 1 sessions for ...
2025-10-13 18:06:54.145 [info] FetcherService: Electron fetch failed with status: 429 
2025-10-13 18:06:54.583 [info] FetcherService: Node fetch failed with status: 429 Too Many Requests
2025-10-13 18:06:54.997 [info] FetcherService: Node http/s failed with status: 429 Too Many Requests
2025-10-13 18:06:55.085 [info] Getting sessions for all scopes...
2025-10-13 18:06:55.085 [info] Got 1 sessions for ...
2025-10-13 18:06:55.085 [info] Getting sessions for all scopes...
2025-10-13 18:06:55.085 [info] Got 1 sessions for ...
2025-10-13 18:06:55.090 [info] Getting sessions for all scopes...
2025-10-13 18:06:55.090 [info] Got 1 sessions for ...
2025-10-13 18:07:13.110 [info] Getting sessions for read:user,repo,user:email,workflow...
2025-10-13 18:07:13.110 [info] Got 1 sessions for read:user,repo,user:email,workflow...
