2025-10-11 22:02:07.619 [info] Reading sessions from keychain...
2025-10-11 22:02:07.619 [info] Getting sessions for all scopes...
2025-10-11 22:02:07.644 [info] Got 0 sessions for ...
2025-10-11 22:02:07.644 [info] Getting sessions for all scopes...
2025-10-11 22:02:07.644 [info] Got 0 sessions for ...
2025-10-11 22:02:07.644 [info] Getting sessions for all scopes...
2025-10-11 22:02:07.644 [info] Got 0 sessions for ...
2025-10-11 22:02:07.644 [info] Getting sessions for all scopes...
2025-10-11 22:02:07.644 [info] Got 0 sessions for ...
2025-10-11 22:02:07.644 [info] Getting sessions for all scopes...
2025-10-11 22:02:07.644 [info] Got 0 sessions for ...
2025-10-11 22:02:07.644 [info] Getting sessions for all scopes...
2025-10-11 22:02:07.644 [info] Got 0 sessions for ...
2025-10-11 22:02:07.644 [info] Getting sessions for all scopes...
2025-10-11 22:02:07.644 [info] Got 0 sessions for ...
2025-10-11 22:02:07.644 [info] Getting sessions for all scopes...
2025-10-11 22:02:07.644 [info] Got 0 sessions for ...
2025-10-11 22:02:07.644 [info] Getting sessions for all scopes...
2025-10-11 22:02:07.644 [info] Got 0 sessions for ...
2025-10-11 22:02:07.647 [info] Getting sessions for all scopes...
2025-10-11 22:02:07.647 [info] Got 0 sessions for ...
2025-10-11 22:02:07.648 [info] Getting sessions for all scopes...
2025-10-11 22:02:07.648 [info] Got 0 sessions for ...
2025-10-11 22:02:07.648 [info] Getting sessions for all scopes...
2025-10-11 22:02:07.648 [info] Got 0 sessions for ...
2025-10-11 22:02:07.648 [info] Getting sessions for all scopes...
2025-10-11 22:02:07.648 [info] Got 0 sessions for ...
2025-10-11 22:02:07.648 [info] Getting sessions for all scopes...
2025-10-11 22:02:07.648 [info] Got 0 sessions for ...
2025-10-11 22:02:07.648 [info] Getting sessions for all scopes...
2025-10-11 22:02:07.648 [info] Got 0 sessions for ...
2025-10-11 22:02:09.758 [info] Getting sessions for all scopes...
2025-10-11 22:02:09.758 [info] Got 0 sessions for ...
2025-10-11 22:02:09.758 [info] Getting sessions for all scopes...
2025-10-11 22:02:09.758 [info] Got 0 sessions for ...
2025-10-11 22:02:09.764 [info] Getting sessions for all scopes...
2025-10-11 22:02:09.764 [info] Got 0 sessions for ...
2025-10-11 22:02:46.451 [info] Reading sessions from keychain...
2025-10-11 22:02:46.451 [info] Getting sessions for all scopes...
2025-10-11 22:02:46.451 [info] Got 0 sessions for ...
2025-10-11 22:02:46.451 [info] Getting sessions for all scopes...
2025-10-11 22:02:46.451 [info] Got 0 sessions for ...
2025-10-11 22:02:46.451 [info] Getting sessions for all scopes...
2025-10-11 22:02:46.451 [info] Got 0 sessions for ...
2025-10-11 22:02:46.451 [info] Getting sessions for all scopes...
2025-10-11 22:02:46.451 [info] Got 0 sessions for ...
2025-10-11 22:02:46.451 [info] Getting sessions for all scopes...
2025-10-11 22:02:46.451 [info] Got 0 sessions for ...
2025-10-11 22:02:46.451 [info] Getting sessions for all scopes...
2025-10-11 22:02:46.451 [info] Got 0 sessions for ...
2025-10-11 22:02:46.451 [info] Getting sessions for all scopes...
2025-10-11 22:02:46.451 [info] Got 0 sessions for ...
2025-10-11 22:02:46.451 [info] Getting sessions for all scopes...
2025-10-11 22:02:46.451 [info] Got 0 sessions for ...
2025-10-11 22:02:46.451 [info] Getting sessions for all scopes...
2025-10-11 22:02:46.451 [info] Got 0 sessions for ...
2025-10-11 22:02:46.451 [info] Getting sessions for all scopes...
2025-10-11 22:02:46.451 [info] Got 0 sessions for ...
2025-10-11 22:02:46.451 [info] Getting sessions for all scopes...
2025-10-11 22:02:46.451 [info] Got 0 sessions for ...
2025-10-11 22:02:46.451 [info] Getting sessions for all scopes...
2025-10-11 22:02:46.451 [info] Got 0 sessions for ...
2025-10-11 22:02:46.451 [info] Getting sessions for all scopes...
2025-10-11 22:02:46.451 [info] Got 0 sessions for ...
2025-10-11 22:02:46.451 [info] Getting sessions for all scopes...
2025-10-11 22:02:46.451 [info] Got 0 sessions for ...
2025-10-11 22:02:46.451 [info] Getting sessions for all scopes...
2025-10-11 22:02:46.451 [info] Got 0 sessions for ...
2025-10-11 22:02:46.511 [info] Getting sessions for all scopes...
2025-10-11 22:02:46.511 [info] Got 0 sessions for ...
2025-10-11 22:02:48.539 [info] Getting sessions for all scopes...
2025-10-11 22:02:48.539 [info] Got 0 sessions for ...
2025-10-11 22:02:48.539 [info] Getting sessions for all scopes...
2025-10-11 22:02:48.539 [info] Got 0 sessions for ...
2025-10-11 22:02:48.543 [info] Getting sessions for all scopes...
2025-10-11 22:02:48.543 [info] Got 0 sessions for ...
2025-10-11 22:03:07.019 [info] Getting sessions for read:user,repo,user:email,workflow...
2025-10-11 22:03:07.019 [info] Got 0 sessions for read:user,repo,user:email,workflow...
2025-10-11 22:03:07.024 [info] Getting sessions for read:user,repo,user:email,workflow...
2025-10-11 22:03:07.024 [info] Got 0 sessions for read:user,repo,user:email,workflow...
2025-10-11 22:03:19.732 [info] Reading sessions from keychain...
2025-10-11 22:03:19.732 [info] Getting sessions for all scopes...
2025-10-11 22:03:19.732 [info] Got 0 sessions for ...
2025-10-11 22:03:19.732 [info] Getting sessions for all scopes...
2025-10-11 22:03:19.732 [info] Got 0 sessions for ...
2025-10-11 22:03:19.732 [info] Getting sessions for all scopes...
2025-10-11 22:03:19.732 [info] Got 0 sessions for ...
2025-10-11 22:03:19.732 [info] Getting sessions for all scopes...
2025-10-11 22:03:19.732 [info] Got 0 sessions for ...
2025-10-11 22:03:19.732 [info] Getting sessions for all scopes...
2025-10-11 22:03:19.732 [info] Got 0 sessions for ...
2025-10-11 22:03:19.732 [info] Getting sessions for all scopes...
2025-10-11 22:03:19.732 [info] Got 0 sessions for ...
2025-10-11 22:03:19.732 [info] Getting sessions for all scopes...
2025-10-11 22:03:19.732 [info] Got 0 sessions for ...
2025-10-11 22:03:26.923 [info] Getting sessions for read:user,repo,user:email,workflow...
2025-10-11 22:03:26.923 [info] Got 0 sessions for read:user,repo,user:email,workflow...
2025-10-11 22:03:26.925 [info] Getting sessions for read:user,repo,user:email,workflow...
2025-10-11 22:03:26.925 [info] Got 0 sessions for read:user,repo,user:email,workflow...
